# JRE version: OpenJDK Runtime Environment Temurin-21.0.9+10 (21.0.9+10) (build 21.0.9+10-LTS)
# Java VM: OpenJDK 64-Bit Server VM Temurin-21.0.9+10 (21.0.9+10-LTS, mixed mode, sharing, tiered, compressed oops, compressed class ptrs, parallel gc, windows-amd64)
GC Precious Log:
 CardTable entry size: 512
 CPUs: 8 total, 8 available
 Memory: 16231M
 Large Page Support: Disabled
 NUMA Support: Disabled
 Compressed Oops: Enabled (32-bit)
 Alignments: Space 512K, Generation 512K, Heap 2M
 Heap Min Capacity: 100M
 Heap Initial Capacity: 100M
 Heap Max Capacity: 2G
 Pre-touch: Disabled
 Parallel Workers: 8
Heap:
 PSYoungGen      total 24064K, used 13327K [0x00000000d5580000, 0x00000000d7000000, 0x0000000100000000)
  eden space 22016K, 52% used [0x00000000d5580000,0x00000000d60c1a18,0x00000000d6b00000)
  from space 2048K, 87% used [0x00000000d6e00000,0x00000000d6fc2510,0x00000000d7000000)
  to   space 2048K, 0% used [0x00000000d6b00000,0x00000000d6b00000,0x00000000d6d00000)
 ParOldGen       total 68608K, used 53076K [0x0000000080000000, 0x0000000084300000, 0x00000000d5580000)
  object space 68608K, 77% used [0x0000000080000000,0x00000000833d50b8,0x0000000084300000)
 Metaspace       used 57439K, committed 58816K, reserved 1114112K
  class space    used 6676K, committed 7296K, reserved 1048576K
GC Heap History (20 events):
Event: 54.566 GC heap before
{Heap before GC invocations=27 (full 2):
 PSYoungGen      total 23552K, used 23547K [0x00000000d5580000, 0x00000000d7600000, 0x0000000100000000)
  eden space 22016K, 100% used [0x00000000d5580000,0x00000000d6b00000,0x00000000d6b00000)
  from space 1536K, 99% used [0x00000000d7400000,0x00000000d757edb8,0x00000000d7580000)
  to   space 5632K, 0% used [0x00000000d6b00000,0x00000000d6b00000,0x00000000d7080000)
 ParOldGen       total 68608K, used 37729K [0x0000000080000000, 0x0000000084300000, 0x00000000d5580000)
  object space 68608K, 54% used [0x0000000080000000,0x00000000824d85f0,0x0000000084300000)
 Metaspace       used 51923K, committed 53248K, reserved 1114112K
  class space    used 5999K, committed 6592K, reserved 1048576K
}
Event: 54.570 GC heap after
{Heap after GC invocations=27 (full 2):
 PSYoungGen      total 27648K, used 912K [0x00000000d5580000, 0x00000000d7480000, 0x0000000100000000)
  eden space 22016K, 0% used [0x00000000d5580000,0x00000000d5580000,0x00000000d6b00000)
  from space 5632K, 16% used [0x00000000d6b00000,0x00000000d6be4010,0x00000000d7080000)
  to   space 2560K, 0% used [0x00000000d7200000,0x00000000d7200000,0x00000000d7480000)
 ParOldGen       total 68608K, used 39239K [0x0000000080000000, 0x0000000084300000, 0x00000000d5580000)
  object space 68608K, 57% used [0x0000000080000000,0x0000000082651c58,0x0000000084300000)
 Metaspace       used 51923K, committed 53248K, reserved 1114112K
  class space    used 5999K, committed 6592K, reserved 1048576K
}
Event: 57.255 GC heap before
{Heap before GC invocations=28 (full 2):
 PSYoungGen      total 27648K, used 22928K [0x00000000d5580000, 0x00000000d7480000, 0x0000000100000000)
  eden space 22016K, 100% used [0x00000000d5580000,0x00000000d6b00000,0x00000000d6b00000)
  from space 5632K, 16% used [0x00000000d6b00000,0x00000000d6be4010,0x00000000d7080000)
  to   space 2560K, 0% used [0x00000000d7200000,0x00000000d7200000,0x00000000d7480000)
 ParOldGen       total 68608K, used 39239K [0x0000000080000000, 0x0000000084300000, 0x00000000d5580000)
  object space 68608K, 57% used [0x0000000080000000,0x0000000082651c58,0x0000000084300000)
 Metaspace       used 53588K, committed 54848K, reserved 1114112K
  class space    used 6289K, committed 6848K, reserved 1048576K
}
Event: 57.258 GC heap after
{Heap after GC invocations=28 (full 2):
 PSYoungGen      total 23040K, used 576K [0x00000000d5580000, 0x00000000d7300000, 0x0000000100000000)
  eden space 22016K, 0% used [0x00000000d5580000,0x00000000d5580000,0x00000000d6b00000)
  from space 1024K, 56% used [0x00000000d7200000,0x00000000d7290000,0x00000000d7300000)
  to   space 1024K, 0% used [0x00000000d7100000,0x00000000d7100000,0x00000000d7200000)
 ParOldGen       total 68608K, used 40015K [0x0000000080000000, 0x0000000084300000, 0x00000000d5580000)
  object space 68608K, 58% used [0x0000000080000000,0x0000000082713c88,0x0000000084300000)
 Metaspace       used 53588K, committed 54848K, reserved 1114112K
  class space    used 6289K, committed 6848K, reserved 1048576K
}
Event: 59.081 GC heap before
{Heap before GC invocations=29 (full 2):
 PSYoungGen      total 23040K, used 22564K [0x00000000d5580000, 0x00000000d7300000, 0x0000000100000000)
  eden space 22016K, 99% used [0x00000000d5580000,0x00000000d6af9020,0x00000000d6b00000)
  from space 1024K, 56% used [0x00000000d7200000,0x00000000d7290000,0x00000000d7300000)
  to   space 1024K, 0% used [0x00000000d7100000,0x00000000d7100000,0x00000000d7200000)
 ParOldGen       total 68608K, used 40015K [0x0000000080000000, 0x0000000084300000, 0x00000000d5580000)
  object space 68608K, 58% used [0x0000000080000000,0x0000000082713c88,0x0000000084300000)
 Metaspace       used 54449K, committed 55808K, reserved 1114112K
  class space    used 6383K, committed 6976K, reserved 1048576K
}
Event: 59.085 GC heap after
{Heap after GC invocations=29 (full 2):
 PSYoungGen      total 23040K, used 519K [0x00000000d5580000, 0x00000000d7280000, 0x0000000100000000)
  eden space 22016K, 0% used [0x00000000d5580000,0x00000000d5580000,0x00000000d6b00000)
  from space 1024K, 50% used [0x00000000d7100000,0x00000000d7181ca0,0x00000000d7200000)
  to   space 512K, 0% used [0x00000000d7200000,0x00000000d7200000,0x00000000d7280000)
 ParOldGen       total 68608K, used 40447K [0x0000000080000000, 0x0000000084300000, 0x00000000d5580000)
  object space 68608K, 58% used [0x0000000080000000,0x000000008277fc88,0x0000000084300000)
 Metaspace       used 54449K, committed 55808K, reserved 1114112K
  class space    used 6383K, committed 6976K, reserved 1048576K
}
Event: 59.603 GC heap before
{Heap before GC invocations=30 (full 2):
 PSYoungGen      total 23040K, used 22535K [0x00000000d5580000, 0x00000000d7280000, 0x0000000100000000)
  eden space 22016K, 100% used [0x00000000d5580000,0x00000000d6b00000,0x00000000d6b00000)
  from space 1024K, 50% used [0x00000000d7100000,0x00000000d7181ca0,0x00000000d7200000)
  to   space 512K, 0% used [0x00000000d7200000,0x00000000d7200000,0x00000000d7280000)
 ParOldGen       total 68608K, used 40447K [0x0000000080000000, 0x0000000084300000, 0x00000000d5580000)
  object space 68608K, 58% used [0x0000000080000000,0x000000008277fc88,0x0000000084300000)
 Metaspace       used 55191K, committed 56576K, reserved 1114112K
  class space    used 6437K, committed 7040K, reserved 1048576K
}
Event: 59.606 GC heap after
{Heap after GC invocations=30 (full 2):
 PSYoungGen      total 22528K, used 480K [0x00000000d5580000, 0x00000000d7280000, 0x0000000100000000)
  eden space 22016K, 0% used [0x00000000d5580000,0x00000000d5580000,0x00000000d6b00000)
  from space 512K, 93% used [0x00000000d7200000,0x00000000d7278020,0x00000000d7280000)
  to   space 3072K, 0% used [0x00000000d6c80000,0x00000000d6c80000,0x00000000d6f80000)
 ParOldGen       total 68608K, used 42297K [0x0000000080000000, 0x0000000084300000, 0x00000000d5580000)
  object space 68608K, 61% used [0x0000000080000000,0x000000008294e568,0x0000000084300000)
 Metaspace       used 55191K, committed 56576K, reserved 1114112K
  class space    used 6437K, committed 7040K, reserved 1048576K
}
Event: 59.886 GC heap before
{Heap before GC invocations=31 (full 2):
 PSYoungGen      total 22528K, used 22496K [0x00000000d5580000, 0x00000000d7280000, 0x0000000100000000)
  eden space 22016K, 100% used [0x00000000d5580000,0x00000000d6b00000,0x00000000d6b00000)
  from space 512K, 93% used [0x00000000d7200000,0x00000000d7278020,0x00000000d7280000)
  to   space 3072K, 0% used [0x00000000d6c80000,0x00000000d6c80000,0x00000000d6f80000)
 ParOldGen       total 68608K, used 42297K [0x0000000080000000, 0x0000000084300000, 0x00000000d5580000)
  object space 68608K, 61% used [0x0000000080000000,0x000000008294e568,0x0000000084300000)
 Metaspace       used 55591K, committed 56960K, reserved 1114112K
  class space    used 6496K, committed 7104K, reserved 1048576K
}
Event: 59.891 GC heap after
{Heap after GC invocations=31 (full 2):
 PSYoungGen      total 25088K, used 2306K [0x00000000d5580000, 0x00000000d7280000, 0x0000000100000000)
  eden space 22016K, 0% used [0x00000000d5580000,0x00000000d5580000,0x00000000d6b00000)
  from space 3072K, 75% used [0x00000000d6c80000,0x00000000d6ec0820,0x00000000d6f80000)
  to   space 2560K, 0% used [0x00000000d7000000,0x00000000d7000000,0x00000000d7280000)
 ParOldGen       total 68608K, used 42793K [0x0000000080000000, 0x0000000084300000, 0x00000000d5580000)
  object space 68608K, 62% used [0x0000000080000000,0x00000000829ca588,0x0000000084300000)
 Metaspace       used 55591K, committed 56960K, reserved 1114112K
  class space    used 6496K, committed 7104K, reserved 1048576K
}
Event: 60.085 GC heap before
{Heap before GC invocations=32 (full 2):
 PSYoungGen      total 25088K, used 24322K [0x00000000d5580000, 0x00000000d7280000, 0x0000000100000000)
  eden space 22016K, 100% used [0x00000000d5580000,0x00000000d6b00000,0x00000000d6b00000)
  from space 3072K, 75% used [0x00000000d6c80000,0x00000000d6ec0820,0x00000000d6f80000)
  to   space 2560K, 0% used [0x00000000d7000000,0x00000000d7000000,0x00000000d7280000)
 ParOldGen       total 68608K, used 42793K [0x0000000080000000, 0x0000000084300000, 0x00000000d5580000)
  object space 68608K, 62% used [0x0000000080000000,0x00000000829ca588,0x0000000084300000)
 Metaspace       used 55594K, committed 56960K, reserved 1114112K
  class space    used 6496K, committed 7104K, reserved 1048576K
}
Event: 60.091 GC heap after
{Heap after GC invocations=32 (full 2):
 PSYoungGen      total 24576K, used 2080K [0x00000000d5580000, 0x00000000d7280000, 0x0000000100000000)
  eden space 22016K, 0% used [0x00000000d5580000,0x00000000d5580000,0x00000000d6b00000)
  from space 2560K, 81% used [0x00000000d7000000,0x00000000d7208010,0x00000000d7280000)
  to   space 2560K, 0% used [0x00000000d6d80000,0x00000000d6d80000,0x00000000d7000000)
 ParOldGen       total 68608K, used 44919K [0x0000000080000000, 0x0000000084300000, 0x00000000d5580000)
  object space 68608K, 65% used [0x0000000080000000,0x0000000082bddec0,0x0000000084300000)
 Metaspace       used 55594K, committed 56960K, reserved 1114112K
  class space    used 6496K, committed 7104K, reserved 1048576K
}
Event: 60.256 GC heap before
{Heap before GC invocations=33 (full 2):
 PSYoungGen      total 24576K, used 24096K [0x00000000d5580000, 0x00000000d7280000, 0x0000000100000000)
  eden space 22016K, 100% used [0x00000000d5580000,0x00000000d6b00000,0x00000000d6b00000)
  from space 2560K, 81% used [0x00000000d7000000,0x00000000d7208010,0x00000000d7280000)
  to   space 2560K, 0% used [0x00000000d6d80000,0x00000000d6d80000,0x00000000d7000000)
 ParOldGen       total 68608K, used 44919K [0x0000000080000000, 0x0000000084300000, 0x00000000d5580000)
  object space 68608K, 65% used [0x0000000080000000,0x0000000082bddec0,0x0000000084300000)
 Metaspace       used 55610K, committed 56960K, reserved 1114112K
  class space    used 6496K, committed 7104K, reserved 1048576K
}
Event: 60.265 GC heap after
{Heap after GC invocations=33 (full 2):
 PSYoungGen      total 24576K, used 2308K [0x00000000d5580000, 0x00000000d7080000, 0x0000000100000000)
  eden space 22016K, 0% used [0x00000000d5580000,0x00000000d5580000,0x00000000d6b00000)
  from space 2560K, 90% used [0x00000000d6d80000,0x00000000d6fc1000,0x00000000d7000000)
  to   space 512K, 0% used [0x00000000d7000000,0x00000000d7000000,0x00000000d7080000)
 ParOldGen       total 68608K, used 46943K [0x0000000080000000, 0x0000000084300000, 0x00000000d5580000)
  object space 68608K, 68% used [0x0000000080000000,0x0000000082dd7ed0,0x0000000084300000)
 Metaspace       used 55610K, committed 56960K, reserved 1114112K
  class space    used 6496K, committed 7104K, reserved 1048576K
}
Event: 60.436 GC heap before
{Heap before GC invocations=34 (full 2):
 PSYoungGen      total 24576K, used 24324K [0x00000000d5580000, 0x00000000d7080000, 0x0000000100000000)
  eden space 22016K, 100% used [0x00000000d5580000,0x00000000d6b00000,0x00000000d6b00000)
  from space 2560K, 90% used [0x00000000d6d80000,0x00000000d6fc1000,0x00000000d7000000)
  to   space 512K, 0% used [0x00000000d7000000,0x00000000d7000000,0x00000000d7080000)
 ParOldGen       total 68608K, used 46943K [0x0000000080000000, 0x0000000084300000, 0x00000000d5580000)
  object space 68608K, 68% used [0x0000000080000000,0x0000000082dd7ed0,0x0000000084300000)
 Metaspace       used 55613K, committed 56960K, reserved 1114112K
  class space    used 6496K, committed 7104K, reserved 1048576K
}
Event: 60.442 GC heap after
{Heap after GC invocations=34 (full 2):
 PSYoungGen      total 22528K, used 512K [0x00000000d5580000, 0x00000000d7400000, 0x0000000100000000)
  eden space 22016K, 0% used [0x00000000d5580000,0x00000000d5580000,0x00000000d6b00000)
  from space 512K, 100% used [0x00000000d7000000,0x00000000d7080000,0x00000000d7080000)
  to   space 4608K, 0% used [0x00000000d6b00000,0x00000000d6b00000,0x00000000d6f80000)
 ParOldGen       total 68608K, used 50683K [0x0000000080000000, 0x0000000084300000, 0x00000000d5580000)
  object space 68608K, 73% used [0x0000000080000000,0x000000008317eeb8,0x0000000084300000)
 Metaspace       used 55613K, committed 56960K, reserved 1114112K
  class space    used 6496K, committed 7104K, reserved 1048576K
}
Event: 60.892 GC heap before
{Heap before GC invocations=35 (full 2):
 PSYoungGen      total 22528K, used 22528K [0x00000000d5580000, 0x00000000d7400000, 0x0000000100000000)
  eden space 22016K, 100% used [0x00000000d5580000,0x00000000d6b00000,0x00000000d6b00000)
  from space 512K, 100% used [0x00000000d7000000,0x00000000d7080000,0x00000000d7080000)
  to   space 4608K, 0% used [0x00000000d6b00000,0x00000000d6b00000,0x00000000d6f80000)
 ParOldGen       total 68608K, used 50683K [0x0000000080000000, 0x0000000084300000, 0x00000000d5580000)
  object space 68608K, 73% used [0x0000000080000000,0x000000008317eeb8,0x0000000084300000)
 Metaspace       used 55704K, committed 57024K, reserved 1114112K
  class space    used 6508K, committed 7104K, reserved 1048576K
}
Event: 60.898 GC heap after
{Heap after GC invocations=35 (full 2):
 PSYoungGen      total 24064K, used 1912K [0x00000000d5580000, 0x00000000d7100000, 0x0000000100000000)
  eden space 22016K, 0% used [0x00000000d5580000,0x00000000d5580000,0x00000000d6b00000)
  from space 2048K, 93% used [0x00000000d6b00000,0x00000000d6cde200,0x00000000d6d00000)
  to   space 3072K, 0% used [0x00000000d6e00000,0x00000000d6e00000,0x00000000d7100000)
 ParOldGen       total 68608K, used 51243K [0x0000000080000000, 0x0000000084300000, 0x00000000d5580000)
  object space 68608K, 74% used [0x0000000080000000,0x000000008320aeb8,0x0000000084300000)
 Metaspace       used 55704K, committed 57024K, reserved 1114112K
  class space    used 6508K, committed 7104K, reserved 1048576K
}
Event: 61.416 GC heap before
{Heap before GC invocations=36 (full 2):
 PSYoungGen      total 24064K, used 23928K [0x00000000d5580000, 0x00000000d7100000, 0x0000000100000000)
  eden space 22016K, 100% used [0x00000000d5580000,0x00000000d6b00000,0x00000000d6b00000)
  from space 2048K, 93% used [0x00000000d6b00000,0x00000000d6cde200,0x00000000d6d00000)
  to   space 3072K, 0% used [0x00000000d6e00000,0x00000000d6e00000,0x00000000d7100000)
 ParOldGen       total 68608K, used 51243K [0x0000000080000000, 0x0000000084300000, 0x00000000d5580000)
  object space 68608K, 74% used [0x0000000080000000,0x000000008320aeb8,0x0000000084300000)
 Metaspace       used 56578K, committed 57984K, reserved 1114112K
  class space    used 6602K, committed 7232K, reserved 1048576K
}
Event: 61.421 GC heap after
{Heap after GC invocations=36 (full 2):
 PSYoungGen      total 24064K, used 1801K [0x00000000d5580000, 0x00000000d7000000, 0x0000000100000000)
  eden space 22016K, 0% used [0x00000000d5580000,0x00000000d5580000,0x00000000d6b00000)
  from space 2048K, 87% used [0x00000000d6e00000,0x00000000d6fc2510,0x00000000d7000000)
  to   space 2048K, 0% used [0x00000000d6b00000,0x00000000d6b00000,0x00000000d6d00000)
 ParOldGen       total 68608K, used 53076K [0x0000000080000000, 0x0000000084300000, 0x00000000d5580000)
  object space 68608K, 77% used [0x0000000080000000,0x00000000833d50b8,0x0000000084300000)
 Metaspace       used 56578K, committed 57984K, reserved 1114112K
  class space    used 6602K, committed 7232K, reserved 1048576K
}

